<?xml version="1.0" encoding="UTF-8"?>
<!-- Generated by org.testng.reporters.JUnitXMLReporter -->
<testsuite ignored="0" hostname="DESKTOP-0MSRDS7" failures="0" tests="3" name="logInFunctionalityTest" time="28.358" errors="0" timestamp="2023-01-21T07:20:02 GMT-08:00">
  <testcase classname="com.TestNG_Serial_Parallel.OrangeHRM_LogInTest" name="logInPageValidation" time="0.047"/>
  <testcase classname="com.TestNG_Serial_Parallel.OrangeHRM_LogInTest" name="logInPageUrlValidation" time="0.022"/>
  <testcase classname="com.TestNG_Serial_Parallel.OrangeHRM_LogInTest" name="logInFunctionalityTest" time="12.111"/>
</testsuite> <!-- logInFunctionalityTest -->
